<?xml version="1.0" encoding="UTF-8"?>
<!-- Generated by org.testng.reporters.JUnitReportReporter -->
<testsuite hostname="DESKTOP-C0O15PC" failures="0" tests="1" name="zoomanagementtestng.Zootestscrpit1Test" time="6.784" errors="0" timestamp="2022-09-20T13:23:53 IST" skipped="0">
  <testcase classname="zoomanagementtestng.Zootestscrpit1Test" name="updatetheanimals" time="6.784"/>
  <system-out/>
</testsuite> <!-- zoomanagementtestng.Zootestscrpit1Test -->
