<?xml version="1.0" encoding="UTF-8"?>
<!-- Generated by org.testng.reporters.JUnitReportReporter -->
<testsuite hostname="DESKTOP-C0O15PC" failures="0" tests="1" name="zoomanagementtestng.zootestscrpit1" time="6.296" errors="0" timestamp="2022-09-14T18:27:24 IST" skipped="0">
  <testcase classname="zoomanagementtestng.zootestscrpit1" name="updatetheanimals" time="6.296"/>
  <system-out/>
</testsuite> <!-- zoomanagementtestng.zootestscrpit1 -->
