<?xml version="1.0" encoding="UTF-8"?>
<!-- Generated by org.testng.reporters.JUnitReportReporter -->
<testsuite hostname="DESKTOP-C0O15PC" failures="0" tests="1" name="zooo.TC_1" time="0.013" errors="0" timestamp="2022-09-16T18:06:10 IST" skipped="0">
  <testcase classname="zooo.TC_1" name="tc_1" time="0.013"/>
  <system-out>
    <![CDATA[Pass tc_1]]>
  </system-out>
</testsuite> <!-- zooo.TC_1 -->
