<?xml version="1.0" encoding="UTF-8"?>
<!-- Generated by org.testng.reporters.JUnitReportReporter -->
<testsuite hostname="DESKTOP-C0O15PC" failures="0" tests="1" name="zoomanagementtestng.zooverifyTestcase3" time="8.093" errors="0" timestamp="2022-09-20T11:22:54 IST" skipped="0">
  <testcase classname="zoomanagementtestng.zooverifyTestcase3" name="verifyingtheanimals" time="8.093"/>
  <system-out/>
</testsuite> <!-- zoomanagementtestng.zooverifyTestcase3 -->
