<?xml version="1.0" encoding="UTF-8"?>
<!-- Generated by org.testng.reporters.JUnitReportReporter -->
<testsuite hostname="DESKTOP-C0O15PC" failures="0" tests="1" name="zooo.TC_2" time="0.000" errors="0" timestamp="2022-09-16T18:07:23 IST" skipped="0">
  <testcase classname="zooo.TC_2" name="tc_1" time="0.000"/>
  <system-out>
    <![CDATA[Pass tc_2]]>
  </system-out>
</testsuite> <!-- zooo.TC_2 -->
