<?xml version="1.0" encoding="UTF-8"?>
<!-- Generated by org.testng.reporters.JUnitReportReporter -->
<testsuite hostname="DESKTOP-C0O15PC" name="zoomanagementtestng.Zootestscrpit1Test" tests="1" failures="0" timestamp="20 Sep 2022 08:06:41 GMT" time="10.477" errors="0">
  <testcase name="updatetheanimals" time="10.477" classname="zoomanagementtestng.Zootestscrpit1Test"/>
</testsuite> <!-- zoomanagementtestng.Zootestscrpit1Test -->
