<?xml version="1.0" encoding="UTF-8"?>
<!-- Generated by org.testng.reporters.JUnitReportReporter -->
<testsuite hostname="DESKTOP-C0O15PC" name="zooo.TC_2" tests="1" failures="0" timestamp="20 Sep 2022 06:50:50 GMT" time="0.006" errors="0">
  <testcase name="tc_1" time="0.006" classname="zooo.TC_2"/>
</testsuite> <!-- zooo.TC_2 -->
