<?xml version="1.0" encoding="UTF-8"?>
<!-- Generated by org.testng.reporters.JUnitReportReporter -->
<testsuite hostname="DESKTOP-C0O15PC" name="zms.Seleniumframework.PracticeTest" tests="1" failures="0" timestamp="20 Sep 2022 06:43:22 GMT" time="0.011" errors="0">
  <testcase name="test" time="0.011" classname="zms.Seleniumframework.PracticeTest"/>
</testsuite> <!-- zms.Seleniumframework.PracticeTest -->
